app/build/intermediates/manifest_merge_blame_file/debug/processDebugMainManifest/manifest-merger-blame-debug-report.txt
1<?xml version="1.0" encoding="utf-8"?>
2<manifest xmlns:android="http://schemas.android.com/apk/res/android"
3    package="com.ditherlab.ultra"
4    android:versionCode="1"
5    android:versionName="1.0" >
6
7    <uses-sdk
8        android:minSdkVersion="33"
9        android:targetSdkVersion="34" />
10
11    <uses-permission android:name="android.permission.READ_MEDIA_IMAGES" />
11-->src/main/AndroidManifest.xml:4:5-76
11-->src/main/AndroidManifest.xml:4:22-73
12    <uses-permission android:name="android.permission.READ_MEDIA_VIDEO" />
12-->src/main/AndroidManifest.xml:5:5-75
12-->src/main/AndroidManifest.xml:5:22-72
13    <uses-permission android:name="android.permission.INTERNET" />
13-->src/main/AndroidManifest.xml:6:5-67
13-->src/main/AndroidManifest.xml:6:22-64
14    <uses-permission android:name="android.permission.ACCESS_NETWORK_STATE" />
14-->[androidx.media3:media3-common:1.4.0] AndroidManifest.xml:22:5-79
14-->[androidx.media3:media3-common:1.4.0] AndroidManifest.xml:22:22-76
15
16    <permission
16-->[androidx.core:core:1.13.1] AndroidManifest.xml:22:5-24:47
17        android:name="com.ditherlab.ultra.DYNAMIC_RECEIVER_NOT_EXPORTED_PERMISSION"
17-->[androidx.core:core:1.13.1] AndroidManifest.xml:23:9-81
18        android:protectionLevel="signature" />
18-->[androidx.core:core:1.13.1] AndroidManifest.xml:24:9-44
19
20    <uses-permission android:name="com.ditherlab.ultra.DYNAMIC_RECEIVER_NOT_EXPORTED_PERMISSION" />
20-->[androidx.core:core:1.13.1] AndroidManifest.xml:26:5-97
20-->[androidx.core:core:1.13.1] AndroidManifest.xml:26:22-94
21
22    <application
22-->src/main/AndroidManifest.xml:8:5-24:19
23        android:name="com.ditherlab.ultra.DitherLabApp"
23-->src/main/AndroidManifest.xml:9:9-37
24        android:allowBackup="false"
24-->src/main/AndroidManifest.xml:10:9-36
25        android:appComponentFactory="androidx.core.app.CoreComponentFactory"
25-->[androidx.core:core:1.13.1] AndroidManifest.xml:28:18-86
26        android:debuggable="true"
27        android:extractNativeLibs="false"
28        android:icon="@mipmap/ic_launcher"
28-->src/main/AndroidManifest.xml:11:9-43
29        android:label="DitherLab"
29-->src/main/AndroidManifest.xml:13:9-34
30        android:roundIcon="@mipmap/ic_launcher_round"
30-->src/main/AndroidManifest.xml:12:9-54
31        android:supportsRtl="true"
31-->src/main/AndroidManifest.xml:14:9-35
32        android:theme="@android:style/Theme.Material.NoActionBar" >
32-->src/main/AndroidManifest.xml:15:9-66
33        <activity
33-->src/main/AndroidManifest.xml:16:9-23:20
34            android:name="com.ditherlab.ultra.MainActivity"
34-->src/main/AndroidManifest.xml:17:13-41
35            android:exported="true" >
35-->src/main/AndroidManifest.xml:18:13-36
36            <intent-filter>
36-->src/main/AndroidManifest.xml:19:13-22:29
37                <action android:name="android.intent.action.MAIN" />
37-->src/main/AndroidManifest.xml:20:17-69
37-->src/main/AndroidManifest.xml:20:25-66
38
39                <category android:name="android.intent.category.LAUNCHER" />
39-->src/main/AndroidManifest.xml:21:17-77
39-->src/main/AndroidManifest.xml:21:27-74
40            </intent-filter>
41        </activity>
42
43        <service
43-->[com.google.android.gms:play-services-mlkit-subject-segmentation:16.0.0-beta1] AndroidManifest.xml:8:9-14:19
44            android:name="com.google.mlkit.common.internal.MlKitComponentDiscoveryService"
44-->[com.google.android.gms:play-services-mlkit-subject-segmentation:16.0.0-beta1] AndroidManifest.xml:9:13-91
45            android:directBootAware="true"
45-->[com.google.mlkit:common:18.10.0] AndroidManifest.xml:17:13-43
46            android:exported="false" >
46-->[com.google.android.gms:play-services-mlkit-subject-segmentation:16.0.0-beta1] AndroidManifest.xml:10:13-37
47            <meta-data
47-->[com.google.android.gms:play-services-mlkit-subject-segmentation:16.0.0-beta1] AndroidManifest.xml:11:13-13:85
48                android:name="com.google.firebase.components:com.google.mlkit.vision.segmentation.subject.internal.SubjectSegmentationRegistrar"
48-->[com.google.android.gms:play-services-mlkit-subject-segmentation:16.0.0-beta1] AndroidManifest.xml:12:17-145
49                android:value="com.google.firebase.components.ComponentRegistrar" />
49-->[com.google.android.gms:play-services-mlkit-subject-segmentation:16.0.0-beta1] AndroidManifest.xml:13:17-82
50            <meta-data
50-->[com.google.mlkit:vision-common:17.3.0] AndroidManifest.xml:12:13-14:85
51                android:name="com.google.firebase.components:com.google.mlkit.vision.common.internal.VisionCommonRegistrar"
51-->[com.google.mlkit:vision-common:17.3.0] AndroidManifest.xml:13:17-124
52                android:value="com.google.firebase.components.ComponentRegistrar" />
52-->[com.google.mlkit:vision-common:17.3.0] AndroidManifest.xml:14:17-82
53            <meta-data
53-->[com.google.mlkit:common:18.10.0] AndroidManifest.xml:20:13-22:85
54                android:name="com.google.firebase.components:com.google.mlkit.common.internal.CommonComponentRegistrar"
54-->[com.google.mlkit:common:18.10.0] AndroidManifest.xml:21:17-120
55                android:value="com.google.firebase.components.ComponentRegistrar" />
55-->[com.google.mlkit:common:18.10.0] AndroidManifest.xml:22:17-82
56        </service>
57
58        <provider
58-->[com.google.mlkit:common:18.10.0] AndroidManifest.xml:9:9-13:38
59            android:name="com.google.mlkit.common.internal.MlKitInitProvider"
59-->[com.google.mlkit:common:18.10.0] AndroidManifest.xml:10:13-78
60            android:authorities="com.ditherlab.ultra.mlkitinitprovider"
60-->[com.google.mlkit:common:18.10.0] AndroidManifest.xml:11:13-69
61            android:exported="false"
61-->[com.google.mlkit:common:18.10.0] AndroidManifest.xml:12:13-37
62            android:initOrder="99" />
62-->[com.google.mlkit:common:18.10.0] AndroidManifest.xml:13:13-35
63
64        <activity
64-->[com.google.android.gms:play-services-base:18.1.0] AndroidManifest.xml:20:9-22:45
65            android:name="com.google.android.gms.common.api.GoogleApiActivity"
65-->[com.google.android.gms:play-services-base:18.1.0] AndroidManifest.xml:20:19-85
66            android:exported="false"
66-->[com.google.android.gms:play-services-base:18.1.0] AndroidManifest.xml:22:19-43
67            android:theme="@android:style/Theme.Translucent.NoTitleBar" />
67-->[com.google.android.gms:play-services-base:18.1.0] AndroidManifest.xml:21:19-78
68
69        <meta-data
69-->[com.google.android.gms:play-services-basement:18.1.0] AndroidManifest.xml:21:9-23:69
70            android:name="com.google.android.gms.version"
70-->[com.google.android.gms:play-services-basement:18.1.0] AndroidManifest.xml:22:13-58
71            android:value="@integer/google_play_services_version" />
71-->[com.google.android.gms:play-services-basement:18.1.0] AndroidManifest.xml:23:13-66
72
73        <provider
73-->[androidx.emoji2:emoji2:1.3.0] AndroidManifest.xml:24:9-32:20
74            android:name="androidx.startup.InitializationProvider"
74-->[androidx.emoji2:emoji2:1.3.0] AndroidManifest.xml:25:13-67
75            android:authorities="com.ditherlab.ultra.androidx-startup"
75-->[androidx.emoji2:emoji2:1.3.0] AndroidManifest.xml:26:13-68
76            android:exported="false" >
76-->[androidx.emoji2:emoji2:1.3.0] AndroidManifest.xml:27:13-37
77            <meta-data
77-->[androidx.emoji2:emoji2:1.3.0] AndroidManifest.xml:29:13-31:52
78                android:name="androidx.emoji2.text.EmojiCompatInitializer"
78-->[androidx.emoji2:emoji2:1.3.0] AndroidManifest.xml:30:17-75
79                android:value="androidx.startup" />
79-->[androidx.emoji2:emoji2:1.3.0] AndroidManifest.xml:31:17-49
80            <meta-data
80-->[androidx.lifecycle:lifecycle-process:2.8.4] AndroidManifest.xml:29:13-31:52
81                android:name="androidx.lifecycle.ProcessLifecycleInitializer"
81-->[androidx.lifecycle:lifecycle-process:2.8.4] AndroidManifest.xml:30:17-78
82                android:value="androidx.startup" />
82-->[androidx.lifecycle:lifecycle-process:2.8.4] AndroidManifest.xml:31:17-49
83            <meta-data
83-->[androidx.profileinstaller:profileinstaller:1.3.1] AndroidManifest.xml:29:13-31:52
84                android:name="androidx.profileinstaller.ProfileInstallerInitializer"
84-->[androidx.profileinstaller:profileinstaller:1.3.1] AndroidManifest.xml:30:17-85
85                android:value="androidx.startup" />
85-->[androidx.profileinstaller:profileinstaller:1.3.1] AndroidManifest.xml:31:17-49
86        </provider>
87
88        <service
88-->[com.google.android.datatransport:transport-backend-cct:2.3.3] AndroidManifest.xml:29:9-35:19
89            android:name="com.google.android.datatransport.runtime.backends.TransportBackendDiscovery"
89-->[com.google.android.datatransport:transport-backend-cct:2.3.3] AndroidManifest.xml:30:13-103
90            android:exported="false" >
90-->[com.google.android.datatransport:transport-backend-cct:2.3.3] AndroidManifest.xml:31:13-37
91            <meta-data
91-->[com.google.android.datatransport:transport-backend-cct:2.3.3] AndroidManifest.xml:32:13-34:39
92                android:name="backend:com.google.android.datatransport.cct.CctBackendFactory"
92-->[com.google.android.datatransport:transport-backend-cct:2.3.3] AndroidManifest.xml:33:17-94
93                android:value="cct" />
93-->[com.google.android.datatransport:transport-backend-cct:2.3.3] AndroidManifest.xml:34:17-36
94        </service>
95        <service
95-->[com.google.android.datatransport:transport-runtime:2.2.6] AndroidManifest.xml:26:9-30:19
96            android:name="com.google.android.datatransport.runtime.scheduling.jobscheduling.JobInfoSchedulerService"
96-->[com.google.android.datatransport:transport-runtime:2.2.6] AndroidManifest.xml:27:13-117
97            android:exported="false"
97-->[com.google.android.datatransport:transport-runtime:2.2.6] AndroidManifest.xml:28:13-37
98            android:permission="android.permission.BIND_JOB_SERVICE" >
98-->[com.google.android.datatransport:transport-runtime:2.2.6] AndroidManifest.xml:29:13-69
99        </service>
100
101        <receiver
101-->[com.google.android.datatransport:transport-runtime:2.2.6] AndroidManifest.xml:32:9-34:40
102            android:name="com.google.android.datatransport.runtime.scheduling.jobscheduling.AlarmManagerSchedulerBroadcastReceiver"
102-->[com.google.android.datatransport:transport-runtime:2.2.6] AndroidManifest.xml:33:13-132
103            android:exported="false" />
103-->[com.google.android.datatransport:transport-runtime:2.2.6] AndroidManifest.xml:34:13-37
104        <receiver
104-->[androidx.profileinstaller:profileinstaller:1.3.1] AndroidManifest.xml:34:9-52:20
105            android:name="androidx.profileinstaller.ProfileInstallReceiver"
105-->[androidx.profileinstaller:profileinstaller:1.3.1] AndroidManifest.xml:35:13-76
106            android:directBootAware="false"
106-->[androidx.profileinstaller:profileinstaller:1.3.1] AndroidManifest.xml:36:13-44
107            android:enabled="true"
107-->[androidx.profileinstaller:profileinstaller:1.3.1] AndroidManifest.xml:37:13-35
108            android:exported="true"
108-->[androidx.profileinstaller:profileinstaller:1.3.1] AndroidManifest.xml:38:13-36
109            android:permission="android.permission.DUMP" >
109-->[androidx.profileinstaller:profileinstaller:1.3.1] AndroidManifest.xml:39:13-57
110            <intent-filter>
110-->[androidx.profileinstaller:profileinstaller:1.3.1] AndroidManifest.xml:40:13-42:29
111                <action android:name="androidx.profileinstaller.action.INSTALL_PROFILE" />
111-->[androidx.profileinstaller:profileinstaller:1.3.1] AndroidManifest.xml:41:17-91
111-->[androidx.profileinstaller:profileinstaller:1.3.1] AndroidManifest.xml:41:25-88
112            </intent-filter>
113            <intent-filter>
113-->[androidx.profileinstaller:profileinstaller:1.3.1] AndroidManifest.xml:43:13-45:29
114                <action android:name="androidx.profileinstaller.action.SKIP_FILE" />
114-->[androidx.profileinstaller:profileinstaller:1.3.1] AndroidManifest.xml:44:17-85
114-->[androidx.profileinstaller:profileinstaller:1.3.1] AndroidManifest.xml:44:25-82
115            </intent-filter>
116            <intent-filter>
116-->[androidx.profileinstaller:profileinstaller:1.3.1] AndroidManifest.xml:46:13-48:29
117                <action android:name="androidx.profileinstaller.action.SAVE_PROFILE" />
117-->[androidx.profileinstaller:profileinstaller:1.3.1] AndroidManifest.xml:47:17-88
117-->[androidx.profileinstaller:profileinstaller:1.3.1] AndroidManifest.xml:47:25-85
118            </intent-filter>
119            <intent-filter>
119-->[androidx.profileinstaller:profileinstaller:1.3.1] AndroidManifest.xml:49:13-51:29
120                <action android:name="androidx.profileinstaller.action.BENCHMARK_OPERATION" />
120-->[androidx.profileinstaller:profileinstaller:1.3.1] AndroidManifest.xml:50:17-95
120-->[androidx.profileinstaller:profileinstaller:1.3.1] AndroidManifest.xml:50:25-92
121            </intent-filter>
122        </receiver>
123    </application>
124
125</manifest>